\BOOKMARK [1][-]{section.1}{\376\377\134\004\137\161\121\340\117\125\116\016\147\201\160\271\147\201\176\277\164\006\213\272\377\010\173\024\213\260\162\110\377\011}{}% 1
\BOOKMARK [2][-]{subsection.1.1}{\376\377\133\146\116\140\166\356\150\007}{section.1}% 2
\BOOKMARK [2][-]{subsection.1.2}{\376\377\134\004\137\161\121\340\117\125\166\204\127\372\147\054\213\355\212\000\377\010\147\000\134\021\137\305\227\000\162\110\377\011}{section.1}% 3
\BOOKMARK [2][-]{subsection.1.3}{\376\377\116\244\153\324\377\032\133\232\116\111\060\001\140\047\215\050\116\016\116\015\123\330\140\047}{section.1}% 4
\BOOKMARK [2][-]{subsection.1.4}{\376\377\214\003\124\214\160\271\122\027\116\016\214\003\124\214\176\277\147\137}{section.1}% 5
\BOOKMARK [2][-]{subsection.1.5}{\376\377\127\006\225\045\146\362\176\277\166\204\147\201\160\271\040\023\147\201\176\277\377\010\000P\000o\000l\000e\040\023\000P\000o\000l\000a\000r\377\011}{section.1}% 6
\BOOKMARK [2][-]{subsection.1.6}{\376\377\116\000\230\165\220\037\165\050\377\032\232\330\200\003\127\006\225\045\146\362\176\277\000/\127\006\230\230\116\055\166\204\136\070\211\301\040\034\177\373\213\321\211\304\122\031\040\035}{section.1}% 7
\BOOKMARK [2][-]{subsection.1.7}{\376\377\117\213\230\230\000\040\0001\377\010\131\026\160\271\147\201\176\277\166\204\122\044\133\232\116\016\121\161\176\277\377\011}{section.1}% 8
\BOOKMARK [2][-]{subsection.1.8}{\376\377\117\213\230\230\000\040\0002\377\010\121\161\176\277\160\271\166\204\147\201\176\277\121\161\160\271\377\011}{section.1}% 9
\BOOKMARK [2][-]{subsection.1.9}{\376\377\117\213\230\230\000\040\0003\377\010\116\244\153\324\116\016\214\003\124\214\377\032\147\204\220\040\127\213\213\301\146\016\166\204\150\070\137\303\131\127\215\357\377\011}{section.1}% 10
\BOOKMARK [2][-]{subsection.1.10}{\376\377\136\372\213\256\166\204\120\132\230\230\213\255\176\303\145\271\124\021}{section.1}% 11
\BOOKMARK [2][-]{subsection.1.11}{\376\377\377\010\123\357\220\011\377\011\117\140\176\331\142\021\133\127\136\125\124\016\377\014\142\021\200\375\120\132\122\060\116\300\116\110\172\013\136\246\377\037}{section.1}% 12
\BOOKMARK [1][-]{section.2}{\376\377\134\004\137\161\121\340\117\125\135\345\121\167\377\032\116\244\153\324\060\001\214\003\124\214\122\006\122\162\116\016\127\006\225\045\146\362\176\277\166\204\147\201\160\271\147\201\176\277\377\010\213\346\176\306\213\262\116\111\162\110\377\011}{}% 13
\BOOKMARK [2][-]{subsection.2.1}{\376\377\173\046\123\367\116\016\166\356\150\007}{section.2}% 14
\BOOKMARK [2][-]{subsection.2.2}{\376\377\134\004\137\161\136\163\227\142\116\016\127\006\225\045\146\362\176\277\166\204\147\000\134\021\200\314\146\157}{section.2}% 15
\BOOKMARK [2][-]{subsection.2.3}{\376\377\116\244\153\324\377\010\000C\000r\000o\000s\000s\000-\000r\000a\000t\000i\000o\377\011}{section.2}% 16
\BOOKMARK [3][-]{subsubsection.2.3.1}{\376\377\133\232\116\111\116\016\127\120\150\007\121\154\137\017}{subsection.2.3}% 17
\BOOKMARK [3][-]{subsubsection.2.3.2}{\376\377\116\000\116\052\040\034\123\357\127\050\232\330\116\055\134\102\227\142\143\245\123\327\040\035\166\204\213\301\146\016\150\106\147\266\377\010\140\035\215\357\377\011}{subsection.2.3}% 18
\BOOKMARK [2][-]{subsection.2.4}{\376\377\214\003\124\214\160\271\122\027\377\010\000H\000a\000r\000m\000o\000n\000i\000c\000\040\000r\000a\000n\000g\000e\377\011\116\016\133\214\121\150\126\333\217\271\137\142}{section.2}% 19
\BOOKMARK [3][-]{subsubsection.2.4.1}{\376\377\214\003\124\214\160\271\122\027\166\204\133\232\116\111}{subsection.2.4}% 20
\BOOKMARK [3][-]{subsubsection.2.4.2}{\376\377\133\214\121\150\126\333\217\271\137\142\116\016\040\034\214\003\124\214\122\006\122\162\040\035\166\204\121\340\117\125\147\204\220\040}{subsection.2.4}% 21
\BOOKMARK [2][-]{subsection.2.5}{\376\377\147\201\160\271\040\023\147\201\176\277\377\010\000P\000o\000l\000e\040\023\000P\000o\000l\000a\000r\377\011\116\016\147\201\140\047\377\010\000P\000o\000l\000a\000r\000i\000t\000y\377\011}{section.2}% 22
\BOOKMARK [3][-]{subsubsection.2.5.1}{\376\377\211\343\147\220\133\232\116\111\377\032\165\050\167\351\226\065\116\000\210\114\121\231\121\372\147\201\176\277}{subsection.2.5}% 23
\BOOKMARK [3][-]{subsubsection.2.5.2}{\376\377\121\340\117\125\133\232\116\111\377\032\131\026\160\271\116\044\122\007\176\277\166\204\040\034\122\007\160\271\217\336\176\277\040\035}{subsection.2.5}% 24
\BOOKMARK [3][-]{subsubsection.2.5.3}{\376\377\000L\000a\000\040\000H\000i\000r\000e\000\040\133\232\164\006\377\010\147\000\136\070\165\050\166\204\116\000\123\345\377\011}{subsection.2.5}% 25
\BOOKMARK [2][-]{subsection.2.6}{\376\377\127\006\060\001\151\055\127\006\060\001\123\314\146\362\176\277\060\001\142\233\162\151\176\277\166\204\147\201\176\277\145\271\172\013\377\010\166\364\143\245\123\357\165\050\210\150\377\011}{section.2}% 26
\BOOKMARK [2][-]{subsection.2.7}{\376\377\126\376\137\142\000\040\0001\377\032\127\006\131\026\160\271\166\204\116\044\122\007\176\277\116\016\147\201\176\277\377\010\122\007\160\271\217\336\176\277\377\011}{section.2}% 27
\BOOKMARK [2][-]{subsection.2.8}{\376\377\126\376\137\142\000\040\0002\377\032\151\055\127\006\116\016\147\201\176\277\145\271\172\013\377\010\123\357\166\364\143\245\116\343\121\154\137\017\165\073\377\011}{section.2}% 28
\BOOKMARK [2][-]{subsection.2.9}{\376\377\126\376\137\142\000\040\0003\377\032\137\046\000\040\000A\000B\000\040\166\204\147\201\160\271\146\057\116\044\122\007\176\277\116\244\160\271}{section.2}% 29
\BOOKMARK [2][-]{subsection.2.10}{\376\377\127\006\166\204\147\201\176\277\145\271\172\013\143\250\133\374\377\010\134\125\171\072\040\034\211\343\147\220\133\232\116\111\000=\121\340\117\125\133\232\116\111\040\035\377\011}{section.2}% 30
\BOOKMARK [2][-]{subsection.2.11}{\376\377\000L\000a\000\040\000H\000i\000r\000e\000\040\133\232\164\006\377\010\133\371\120\166\137\200\217\324\377\011\123\312\121\166\121\170\127\213\165\050\154\325}{section.2}% 31
\BOOKMARK [2][-]{subsection.2.12}{\376\377\214\003\124\214\116\016\147\201\176\277\166\204\121\163\225\056\200\124\174\373\377\010\227\136\136\070\133\236\165\050\377\011}{section.2}% 32
\BOOKMARK [2][-]{subsection.2.13}{\376\377\140\073\176\323\377\032\232\330\200\003\127\006\225\045\146\362\176\277\230\230\166\204\040\034\177\373\213\321\210\150\040\035}{section.2}% 33
\BOOKMARK [2][-]{subsection.2.14}{\376\377\123\302\200\003\215\104\145\231\377\010\123\357\127\050\145\207\147\053\117\335\165\131\116\072\121\372\131\004\377\011}{section.2}% 34
\BOOKMARK [1][-]{section.3}{\376\377\211\306\230\221\142\052\126\376\145\164\164\006\377\032\116\316\116\244\153\324\122\060\147\201\160\271\147\201\176\277}{}% 35
\BOOKMARK [2][-]{subsection.3.1}{\376\377\116\244\153\324\166\204\121\340\117\125\210\150\217\276\116\016\134\004\137\161\116\015\123\330\140\047}{section.3}% 36
\BOOKMARK [2][-]{subsection.3.2}{\376\377\214\003\124\214\160\271\122\027\377\032\116\244\153\324\116\072\000\040\000-\0001\000\040\166\204\162\171\153\212\140\305\137\142}{section.3}% 37
\BOOKMARK [2][-]{subsection.3.3}{\376\377\214\003\124\214\160\271\122\027\166\204\142\225\137\161\217\301\171\373}{section.3}% 38
\BOOKMARK [2][-]{subsection.3.4}{\376\377\133\214\121\150\126\333\217\271\137\142\116\055\166\204\214\003\124\214\176\323\147\204}{section.3}% 39
\BOOKMARK [2][-]{subsection.3.5}{\376\377\214\003\124\214\176\277\147\137\116\016\145\234\163\207\122\044\143\156}{section.3}% 40
\BOOKMARK [2][-]{subsection.3.6}{\376\377\145\340\172\167\217\334\160\271\220\000\123\026\121\372\166\204\116\055\160\271\152\041\127\213}{section.3}% 41
\BOOKMARK [2][-]{subsection.3.7}{\376\377\151\055\127\006\122\162\176\277\116\012\166\204\214\003\124\214\121\161\217\155\116\016\147\201\176\277\145\271\172\013}{section.3}% 42
