\BOOKMARK [1][-]{section.1}{\376\377\145\160\133\146\123\206\123\362}{}% 1
\BOOKMARK [1][-]{section.2}{\376\377\116\214\153\041\127\213\116\016\127\006\225\045\146\362\176\277\122\006\174\173}{}% 2
\BOOKMARK [2][-]{subsection.2.1}{\376\377\127\006\225\045\146\362\176\277\166\204\116\000\202\054\137\142\137\017}{section.2}% 3
\BOOKMARK [2][-]{subsection.2.2}{\376\377\116\214\153\041\127\213\166\204\167\351\226\065\137\142\137\017}{section.2}% 4
\BOOKMARK [2][-]{subsection.2.3}{\376\377\122\044\122\053\137\017\116\016\127\006\225\045\146\362\176\277\122\006\174\173}{section.2}% 5
\BOOKMARK [2][-]{subsection.2.4}{\376\377\122\044\122\053\137\017\116\016\162\171\137\201\120\074\166\204\121\163\174\373}{section.2}% 6
\BOOKMARK [2][-]{subsection.2.5}{\376\377\162\171\137\201\120\074\116\016\146\362\176\277\137\142\162\266\166\204\133\371\136\224\121\163\174\373}{section.2}% 7
\BOOKMARK [2][-]{subsection.2.6}{\376\377\220\032\217\307\145\313\217\154\155\210\123\273\116\244\123\311\230\171\000\040\000B\000x\000y}{section.2}% 8
\BOOKMARK [2][-]{subsection.2.7}{\376\377\136\163\171\373\155\210\123\273\116\000\153\041\230\171\000\040\000D\000x\000\040\000+\000\040\000E\000y}{section.2}% 9
\BOOKMARK [2][-]{subsection.2.8}{\376\377\150\007\121\306\145\271\172\013\137\142\137\017}{section.2}% 10
\BOOKMARK [1][-]{section.3}{\376\377\127\006\225\045\146\362\176\277\131\047\230\230}{}% 11
\BOOKMARK [1][-]{section.4}{\376\377\147\054\215\050\211\304\137\213\377\032\127\006\225\045\146\362\176\277\230\230\200\003\166\204\116\015\146\057\121\154\137\017\377\014\200\014\146\057\000`\000`\121\340\117\125\136\372\152\041\000\040\000+\000\040\116\343\145\160\176\323\147\204\143\247\122\066\122\233\000'\000'}{}% 12
\BOOKMARK [1][-]{section.5}{\376\377\173\124\230\230\155\101\172\013\152\041\147\177\377\032\121\340\116\116\142\100\147\011\127\006\225\045\146\362\176\277\123\213\217\164\230\230\220\375\200\375\131\127\217\333\217\331\000\040\0005\000\040\153\145}{}% 13
\BOOKMARK [1][-]{section.6}{\376\377\133\236\142\030\142\200\135\347\116\016\157\134\211\304\122\031}{}% 14
\BOOKMARK [2][-]{subsection.6.1}{\376\377\122\250\160\271\217\150\217\371\127\213\230\230\166\204\116\007\200\375\173\126\165\145}{section.6}% 15
\BOOKMARK [1][-]{section.7}{\376\377\127\006\225\045\146\362\176\277\123\213\217\164\230\230\166\204\000`\000`\137\303\154\325\000'\000'}{}% 16
\BOOKMARK [1][-]{section.8}{\376\377\226\077\154\342\177\127\134\074\145\257\127\006}{}% 17
\BOOKMARK [1][-]{section.9}{\376\377\227\136\133\371\171\360\225\356\230\230}{}% 18
\BOOKMARK [1][-]{section.10}{\376\377\213\260\137\125}{}% 19
\BOOKMARK [2][-]{subsection.10.1}{\376\377\000H\000o\000l\000d\000e\000r\116\015\173\111\137\017}{section.10}% 20
\BOOKMARK [2][-]{subsection.10.2}{\376\377\000C\000a\000r\000l\000s\000o\000n\116\015\173\111\137\017}{section.10}% 21
\BOOKMARK [1][-]{section.11}{\376\377\143\222\122\027\176\304\124\010\116\016\142\311\116\001\145\271}{}% 22
\BOOKMARK [1][-]{section.12}{\376\377\226\077\127\372\174\163\137\267\116\011\211\322\137\142}{}% 23
